0 info it worked if it ends with ok
1 verbose cli [ 'node', '/usr/local/bin/npm', 'install' ]
2 info using npm@1.4.28
3 info using node@v0.10.32
4 verbose readDependencies using package.json deps
5 verbose install where, deps [ '/Users/lighter/LighterData/todo/node_play',
5 verbose install   [ 'express',
5 verbose install     'body-parser',
5 verbose install     'cookie-parser',
5 verbose install     'morgan',
5 verbose install     'serve-favicon',
5 verbose install     'debug',
5 verbose install     'jade',
5 verbose install     'mogodb',
5 verbose install     'mongoskin' ] ]
6 info preinstall node_play@0.0.0
7 verbose readDependencies using package.json deps
8 verbose cache add [ 'body-parser@~1.8.1', null ]
9 verbose cache add name=undefined spec="body-parser@~1.8.1" args=["body-parser@~1.8.1",null]
10 verbose parsed url { protocol: null,
10 verbose parsed url   slashes: null,
10 verbose parsed url   auth: null,
10 verbose parsed url   host: null,
10 verbose parsed url   port: null,
10 verbose parsed url   hostname: null,
10 verbose parsed url   hash: null,
10 verbose parsed url   search: null,
10 verbose parsed url   query: null,
10 verbose parsed url   pathname: 'body-parser@~1.8.1',
10 verbose parsed url   path: 'body-parser@~1.8.1',
10 verbose parsed url   href: 'body-parser@~1.8.1' }
11 verbose cache add [ 'cookie-parser@~1.3.3', null ]
12 verbose cache add name=undefined spec="cookie-parser@~1.3.3" args=["cookie-parser@~1.3.3",null]
13 verbose parsed url { protocol: null,
13 verbose parsed url   slashes: null,
13 verbose parsed url   auth: null,
13 verbose parsed url   host: null,
13 verbose parsed url   port: null,
13 verbose parsed url   hostname: null,
13 verbose parsed url   hash: null,
13 verbose parsed url   search: null,
13 verbose parsed url   query: null,
13 verbose parsed url   pathname: 'cookie-parser@~1.3.3',
13 verbose parsed url   path: 'cookie-parser@~1.3.3',
13 verbose parsed url   href: 'cookie-parser@~1.3.3' }
14 verbose cache add [ 'morgan@~1.3.0', null ]
15 verbose cache add name=undefined spec="morgan@~1.3.0" args=["morgan@~1.3.0",null]
16 verbose parsed url { protocol: null,
16 verbose parsed url   slashes: null,
16 verbose parsed url   auth: null,
16 verbose parsed url   host: null,
16 verbose parsed url   port: null,
16 verbose parsed url   hostname: null,
16 verbose parsed url   hash: null,
16 verbose parsed url   search: null,
16 verbose parsed url   query: null,
16 verbose parsed url   pathname: 'morgan@~1.3.0',
16 verbose parsed url   path: 'morgan@~1.3.0',
16 verbose parsed url   href: 'morgan@~1.3.0' }
17 verbose cache add name="body-parser" spec="~1.8.1" args=["body-parser","~1.8.1"]
18 verbose parsed url { protocol: null,
18 verbose parsed url   slashes: null,
18 verbose parsed url   auth: null,
18 verbose parsed url   host: null,
18 verbose parsed url   port: null,
18 verbose parsed url   hostname: null,
18 verbose parsed url   hash: null,
18 verbose parsed url   search: null,
18 verbose parsed url   query: null,
18 verbose parsed url   pathname: '~1.8.1',
18 verbose parsed url   path: '~1.8.1',
18 verbose parsed url   href: '~1.8.1' }
19 verbose addNamed [ 'body-parser', '~1.8.1' ]
20 verbose addNamed [ null, '>=1.8.1-0 <1.9.0-0' ]
21 verbose cache add name="cookie-parser" spec="~1.3.3" args=["cookie-parser","~1.3.3"]
22 verbose parsed url { protocol: null,
22 verbose parsed url   slashes: null,
22 verbose parsed url   auth: null,
22 verbose parsed url   host: null,
22 verbose parsed url   port: null,
22 verbose parsed url   hostname: null,
22 verbose parsed url   hash: null,
22 verbose parsed url   search: null,
22 verbose parsed url   query: null,
22 verbose parsed url   pathname: '~1.3.3',
22 verbose parsed url   path: '~1.3.3',
22 verbose parsed url   href: '~1.3.3' }
23 verbose addNamed [ 'cookie-parser', '~1.3.3' ]
24 verbose addNamed [ null, '>=1.3.3-0 <1.4.0-0' ]
25 verbose cache add [ 'serve-favicon@~2.1.3', null ]
26 verbose cache add name=undefined spec="serve-favicon@~2.1.3" args=["serve-favicon@~2.1.3",null]
27 verbose parsed url { protocol: null,
27 verbose parsed url   slashes: null,
27 verbose parsed url   auth: null,
27 verbose parsed url   host: null,
27 verbose parsed url   port: null,
27 verbose parsed url   hostname: null,
27 verbose parsed url   hash: null,
27 verbose parsed url   search: null,
27 verbose parsed url   query: null,
27 verbose parsed url   pathname: 'serve-favicon@~2.1.3',
27 verbose parsed url   path: 'serve-favicon@~2.1.3',
27 verbose parsed url   href: 'serve-favicon@~2.1.3' }
28 verbose cache add [ 'debug@~2.0.0', null ]
29 verbose cache add name=undefined spec="debug@~2.0.0" args=["debug@~2.0.0",null]
30 verbose parsed url { protocol: null,
30 verbose parsed url   slashes: null,
30 verbose parsed url   auth: null,
30 verbose parsed url   host: null,
30 verbose parsed url   port: null,
30 verbose parsed url   hostname: null,
30 verbose parsed url   hash: null,
30 verbose parsed url   search: null,
30 verbose parsed url   query: null,
30 verbose parsed url   pathname: 'debug@~2.0.0',
30 verbose parsed url   path: 'debug@~2.0.0',
30 verbose parsed url   href: 'debug@~2.0.0' }
31 verbose cache add [ 'jade@~1.6.0', null ]
32 verbose cache add name=undefined spec="jade@~1.6.0" args=["jade@~1.6.0",null]
33 verbose parsed url { protocol: null,
33 verbose parsed url   slashes: null,
33 verbose parsed url   auth: null,
33 verbose parsed url   host: null,
33 verbose parsed url   port: null,
33 verbose parsed url   hostname: null,
33 verbose parsed url   hash: null,
33 verbose parsed url   search: null,
33 verbose parsed url   query: null,
33 verbose parsed url   pathname: 'jade@~1.6.0',
33 verbose parsed url   path: 'jade@~1.6.0',
33 verbose parsed url   href: 'jade@~1.6.0' }
34 verbose cache add name="morgan" spec="~1.3.0" args=["morgan","~1.3.0"]
35 verbose parsed url { protocol: null,
35 verbose parsed url   slashes: null,
35 verbose parsed url   auth: null,
35 verbose parsed url   host: null,
35 verbose parsed url   port: null,
35 verbose parsed url   hostname: null,
35 verbose parsed url   hash: null,
35 verbose parsed url   search: null,
35 verbose parsed url   query: null,
35 verbose parsed url   pathname: '~1.3.0',
35 verbose parsed url   path: '~1.3.0',
35 verbose parsed url   href: '~1.3.0' }
36 verbose addNamed [ 'morgan', '~1.3.0' ]
37 verbose addNamed [ null, '>=1.3.0-0 <1.4.0-0' ]
38 silly lockFile a49948c1-body-parser-1-8-1 body-parser@~1.8.1
39 verbose lock body-parser@~1.8.1 /Users/lighter/.npm/a49948c1-body-parser-1-8-1.lock
40 silly lockFile bf5babd8-cookie-parser-1-3-3 cookie-parser@~1.3.3
41 verbose lock cookie-parser@~1.3.3 /Users/lighter/.npm/bf5babd8-cookie-parser-1-3-3.lock
42 silly lockFile a4a9bdf4-morgan-1-3-0 morgan@~1.3.0
43 verbose lock morgan@~1.3.0 /Users/lighter/.npm/a4a9bdf4-morgan-1-3-0.lock
44 verbose cache add name="serve-favicon" spec="~2.1.3" args=["serve-favicon","~2.1.3"]
45 verbose parsed url { protocol: null,
45 verbose parsed url   slashes: null,
45 verbose parsed url   auth: null,
45 verbose parsed url   host: null,
45 verbose parsed url   port: null,
45 verbose parsed url   hostname: null,
45 verbose parsed url   hash: null,
45 verbose parsed url   search: null,
45 verbose parsed url   query: null,
45 verbose parsed url   pathname: '~2.1.3',
45 verbose parsed url   path: '~2.1.3',
45 verbose parsed url   href: '~2.1.3' }
46 verbose addNamed [ 'serve-favicon', '~2.1.3' ]
47 verbose addNamed [ null, '>=2.1.3-0 <2.2.0-0' ]
48 silly lockFile 38295489-serve-favicon-2-1-3 serve-favicon@~2.1.3
49 verbose lock serve-favicon@~2.1.3 /Users/lighter/.npm/38295489-serve-favicon-2-1-3.lock
50 verbose cache add name="debug" spec="~2.0.0" args=["debug","~2.0.0"]
51 verbose parsed url { protocol: null,
51 verbose parsed url   slashes: null,
51 verbose parsed url   auth: null,
51 verbose parsed url   host: null,
51 verbose parsed url   port: null,
51 verbose parsed url   hostname: null,
51 verbose parsed url   hash: null,
51 verbose parsed url   search: null,
51 verbose parsed url   query: null,
51 verbose parsed url   pathname: '~2.0.0',
51 verbose parsed url   path: '~2.0.0',
51 verbose parsed url   href: '~2.0.0' }
52 verbose addNamed [ 'debug', '~2.0.0' ]
53 verbose addNamed [ null, '>=2.0.0-0 <2.1.0-0' ]
54 silly lockFile 12b6356d-debug-2-0-0 debug@~2.0.0
55 verbose lock debug@~2.0.0 /Users/lighter/.npm/12b6356d-debug-2-0-0.lock
56 verbose cache add name="jade" spec="~1.6.0" args=["jade","~1.6.0"]
57 verbose parsed url { protocol: null,
57 verbose parsed url   slashes: null,
57 verbose parsed url   auth: null,
57 verbose parsed url   host: null,
57 verbose parsed url   port: null,
57 verbose parsed url   hostname: null,
57 verbose parsed url   hash: null,
57 verbose parsed url   search: null,
57 verbose parsed url   query: null,
57 verbose parsed url   pathname: '~1.6.0',
57 verbose parsed url   path: '~1.6.0',
57 verbose parsed url   href: '~1.6.0' }
58 verbose addNamed [ 'jade', '~1.6.0' ]
59 verbose addNamed [ null, '>=1.6.0-0 <1.7.0-0' ]
60 silly lockFile ad8c17a8-jade-1-6-0 jade@~1.6.0
61 verbose lock jade@~1.6.0 /Users/lighter/.npm/ad8c17a8-jade-1-6-0.lock
62 verbose cache add [ 'mogodb@*', null ]
63 verbose cache add name=undefined spec="mogodb@*" args=["mogodb@*",null]
64 verbose parsed url { protocol: null,
64 verbose parsed url   slashes: null,
64 verbose parsed url   auth: null,
64 verbose parsed url   host: null,
64 verbose parsed url   port: null,
64 verbose parsed url   hostname: null,
64 verbose parsed url   hash: null,
64 verbose parsed url   search: null,
64 verbose parsed url   query: null,
64 verbose parsed url   pathname: 'mogodb@*',
64 verbose parsed url   path: 'mogodb@*',
64 verbose parsed url   href: 'mogodb@*' }
65 verbose cache add [ 'mongoskin@*', null ]
66 verbose cache add name=undefined spec="mongoskin@*" args=["mongoskin@*",null]
67 verbose parsed url { protocol: null,
67 verbose parsed url   slashes: null,
67 verbose parsed url   auth: null,
67 verbose parsed url   host: null,
67 verbose parsed url   port: null,
67 verbose parsed url   hostname: null,
67 verbose parsed url   hash: null,
67 verbose parsed url   search: null,
67 verbose parsed url   query: null,
67 verbose parsed url   pathname: 'mongoskin@*',
67 verbose parsed url   path: 'mongoskin@*',
67 verbose parsed url   href: 'mongoskin@*' }
68 verbose cache add [ 'express@~4.9.0', null ]
69 verbose cache add name=undefined spec="express@~4.9.0" args=["express@~4.9.0",null]
70 verbose parsed url { protocol: null,
70 verbose parsed url   slashes: null,
70 verbose parsed url   auth: null,
70 verbose parsed url   host: null,
70 verbose parsed url   port: null,
70 verbose parsed url   hostname: null,
70 verbose parsed url   hash: null,
70 verbose parsed url   search: null,
70 verbose parsed url   query: null,
70 verbose parsed url   pathname: 'express@~4.9.0',
70 verbose parsed url   path: 'express@~4.9.0',
70 verbose parsed url   href: 'express@~4.9.0' }
71 verbose cache add name="mogodb" spec="*" args=["mogodb","*"]
72 verbose parsed url { protocol: null,
72 verbose parsed url   slashes: null,
72 verbose parsed url   auth: null,
72 verbose parsed url   host: null,
72 verbose parsed url   port: null,
72 verbose parsed url   hostname: null,
72 verbose parsed url   hash: null,
72 verbose parsed url   search: null,
72 verbose parsed url   query: null,
72 verbose parsed url   pathname: '*',
72 verbose parsed url   path: '*',
72 verbose parsed url   href: '*' }
73 verbose addNamed [ 'mogodb', '*' ]
74 verbose addNamed [ null, '*' ]
75 silly lockFile 96c9e469-mogodb mogodb@*
76 verbose lock mogodb@* /Users/lighter/.npm/96c9e469-mogodb.lock
77 verbose cache add name="mongoskin" spec="*" args=["mongoskin","*"]
78 verbose parsed url { protocol: null,
78 verbose parsed url   slashes: null,
78 verbose parsed url   auth: null,
78 verbose parsed url   host: null,
78 verbose parsed url   port: null,
78 verbose parsed url   hostname: null,
78 verbose parsed url   hash: null,
78 verbose parsed url   search: null,
78 verbose parsed url   query: null,
78 verbose parsed url   pathname: '*',
78 verbose parsed url   path: '*',
78 verbose parsed url   href: '*' }
79 verbose addNamed [ 'mongoskin', '*' ]
80 verbose addNamed [ null, '*' ]
81 silly lockFile bbe026fa-mongoskin mongoskin@*
82 verbose lock mongoskin@* /Users/lighter/.npm/bbe026fa-mongoskin.lock
83 verbose cache add name="express" spec="~4.9.0" args=["express","~4.9.0"]
84 verbose parsed url { protocol: null,
84 verbose parsed url   slashes: null,
84 verbose parsed url   auth: null,
84 verbose parsed url   host: null,
84 verbose parsed url   port: null,
84 verbose parsed url   hostname: null,
84 verbose parsed url   hash: null,
84 verbose parsed url   search: null,
84 verbose parsed url   query: null,
84 verbose parsed url   pathname: '~4.9.0',
84 verbose parsed url   path: '~4.9.0',
84 verbose parsed url   href: '~4.9.0' }
85 verbose addNamed [ 'express', '~4.9.0' ]
86 verbose addNamed [ null, '>=4.9.0-0 <4.10.0-0' ]
87 silly lockFile 6ae7fa08-express-4-9-0 express@~4.9.0
88 verbose lock express@~4.9.0 /Users/lighter/.npm/6ae7fa08-express-4-9-0.lock
89 silly addNameRange { name: 'cookie-parser',
89 silly addNameRange   range: '>=1.3.3-0 <1.4.0-0',
89 silly addNameRange   hasData: false }
90 silly addNameRange { name: 'morgan', range: '>=1.3.0-0 <1.4.0-0', hasData: false }
91 silly addNameRange { name: 'body-parser',
91 silly addNameRange   range: '>=1.8.1-0 <1.9.0-0',
91 silly addNameRange   hasData: false }
92 silly addNameRange { name: 'serve-favicon',
92 silly addNameRange   range: '>=2.1.3-0 <2.2.0-0',
92 silly addNameRange   hasData: false }
93 silly addNameRange { name: 'debug', range: '>=2.0.0-0 <2.1.0-0', hasData: false }
94 silly addNameRange { name: 'jade', range: '>=1.6.0-0 <1.7.0-0', hasData: false }
95 silly addNameRange { name: 'mongoskin', range: '*', hasData: false }
96 silly addNameRange { name: 'mogodb', range: '*', hasData: false }
97 silly addNameRange { name: 'express', range: '>=4.9.0-0 <4.10.0-0', hasData: false }
98 verbose request where is /mogodb
99 verbose request registry https://registry.npmjs.org/
100 verbose request id 32b5cb4657b7e46d
101 verbose url raw /mogodb
102 verbose url resolving [ 'https://registry.npmjs.org/', './mogodb' ]
103 verbose url resolved https://registry.npmjs.org/mogodb
104 verbose request where is https://registry.npmjs.org/mogodb
105 info trying registry request attempt 1 at 17:37:58
106 http GET https://registry.npmjs.org/mogodb
107 verbose request where is /morgan
108 verbose request registry https://registry.npmjs.org/
109 verbose url raw /morgan
110 verbose url resolving [ 'https://registry.npmjs.org/', './morgan' ]
111 verbose url resolved https://registry.npmjs.org/morgan
112 verbose request where is https://registry.npmjs.org/morgan
113 info trying registry request attempt 1 at 17:37:58
114 verbose etag "4RWBFISLHKXAP84WO7HM9E7CV"
115 http GET https://registry.npmjs.org/morgan
116 verbose request where is /body-parser
117 verbose request registry https://registry.npmjs.org/
118 verbose url raw /body-parser
119 verbose url resolving [ 'https://registry.npmjs.org/', './body-parser' ]
120 verbose url resolved https://registry.npmjs.org/body-parser
121 verbose request where is https://registry.npmjs.org/body-parser
122 info trying registry request attempt 1 at 17:37:58
123 verbose etag "ZJH0F1WO0QVMDNHF35MO1O8I"
124 http GET https://registry.npmjs.org/body-parser
125 verbose request where is /cookie-parser
126 verbose request registry https://registry.npmjs.org/
127 verbose url raw /cookie-parser
128 verbose url resolving [ 'https://registry.npmjs.org/', './cookie-parser' ]
129 verbose url resolved https://registry.npmjs.org/cookie-parser
130 verbose request where is https://registry.npmjs.org/cookie-parser
131 info trying registry request attempt 1 at 17:37:58
132 verbose etag "1G16KI0KY1K8H3U7IAXVOTPB4"
133 http GET https://registry.npmjs.org/cookie-parser
134 verbose request where is /debug
135 verbose request registry https://registry.npmjs.org/
136 verbose url raw /debug
137 verbose url resolving [ 'https://registry.npmjs.org/', './debug' ]
138 verbose url resolved https://registry.npmjs.org/debug
139 verbose request where is https://registry.npmjs.org/debug
140 info trying registry request attempt 1 at 17:37:58
141 verbose etag "X0H4NVRP00Z4L2PSZKJ137OA"
142 http GET https://registry.npmjs.org/debug
143 verbose request where is /mongoskin
144 verbose request registry https://registry.npmjs.org/
145 verbose url raw /mongoskin
146 verbose url resolving [ 'https://registry.npmjs.org/', './mongoskin' ]
147 verbose url resolved https://registry.npmjs.org/mongoskin
148 verbose request where is https://registry.npmjs.org/mongoskin
149 info trying registry request attempt 1 at 17:37:58
150 verbose etag "EL1MU9X3H3HMSN5EREYTT5CUK"
151 http GET https://registry.npmjs.org/mongoskin
152 verbose request where is /express
153 verbose request registry https://registry.npmjs.org/
154 verbose url raw /express
155 verbose url resolving [ 'https://registry.npmjs.org/', './express' ]
156 verbose url resolved https://registry.npmjs.org/express
157 verbose request where is https://registry.npmjs.org/express
158 info trying registry request attempt 1 at 17:37:58
159 verbose etag "2CTACN2JPGF04GAUC63OASN51"
160 http GET https://registry.npmjs.org/express
161 verbose request where is /serve-favicon
162 verbose request registry https://registry.npmjs.org/
163 verbose url raw /serve-favicon
164 verbose url resolving [ 'https://registry.npmjs.org/', './serve-favicon' ]
165 verbose url resolved https://registry.npmjs.org/serve-favicon
166 verbose request where is https://registry.npmjs.org/serve-favicon
167 info trying registry request attempt 1 at 17:37:58
168 verbose etag "V2Z0ALQMDXDN4AFKGKPJL1LI"
169 http GET https://registry.npmjs.org/serve-favicon
170 verbose request where is /jade
171 verbose request registry https://registry.npmjs.org/
172 verbose url raw /jade
173 verbose url resolving [ 'https://registry.npmjs.org/', './jade' ]
174 verbose url resolved https://registry.npmjs.org/jade
175 verbose request where is https://registry.npmjs.org/jade
176 info trying registry request attempt 1 at 17:37:58
177 verbose etag "CKXYBKYZOQ0NC5DCO8GPQVMXD"
178 http GET https://registry.npmjs.org/jade
179 http 200 https://registry.npmjs.org/cookie-parser
180 silly registry.get cb [ 200,
180 silly registry.get   { date: 'Mon, 03 Nov 2014 09:37:59 GMT',
180 silly registry.get     server: 'CouchDB/1.5.0 (Erlang OTP/R16B03)',
180 silly registry.get     etag: '"D2I21Z55J0M83YHA636O1DW9K"',
180 silly registry.get     'content-type': 'application/json',
180 silly registry.get     'cache-control': 'max-age=60',
180 silly registry.get     'content-length': '14080',
180 silly registry.get     'accept-ranges': 'bytes',
180 silly registry.get     via: '1.1 varnish',
180 silly registry.get     age: '56',
180 silly registry.get     'x-served-by': 'cache-ty68-TYO',
180 silly registry.get     'x-cache': 'HIT',
180 silly registry.get     'x-cache-hits': '3',
180 silly registry.get     'x-timer': 'S1415007479.050630,VS0,VE0',
180 silly registry.get     vary: 'Accept',
180 silly registry.get     'keep-alive': 'timeout=10, max=50',
180 silly registry.get     connection: 'Keep-Alive' } ]
181 silly addNameRange number 2 { name: 'cookie-parser',
181 silly addNameRange   range: '>=1.3.3-0 <1.4.0-0',
181 silly addNameRange   hasData: true }
182 silly addNameRange versions [ 'cookie-parser',
182 silly addNameRange   [ '1.0.0',
182 silly addNameRange     '1.0.1',
182 silly addNameRange     '1.1.0',
182 silly addNameRange     '1.2.0',
182 silly addNameRange     '1.3.0',
182 silly addNameRange     '1.3.1',
182 silly addNameRange     '1.3.2',
182 silly addNameRange     '1.3.3' ] ]
183 verbose addNamed [ 'cookie-parser', '1.3.3' ]
184 verbose addNamed [ '1.3.3', '1.3.3' ]
185 silly lockFile 68450bd4-cookie-parser-1-3-3 cookie-parser@1.3.3
186 verbose lock cookie-parser@1.3.3 /Users/lighter/.npm/68450bd4-cookie-parser-1-3-3.lock
187 http 200 https://registry.npmjs.org/morgan
188 silly registry.get cb [ 200,
188 silly registry.get   { date: 'Mon, 03 Nov 2014 09:37:59 GMT',
188 silly registry.get     server: 'CouchDB/1.5.0 (Erlang OTP/R16B03)',
188 silly registry.get     etag: '"708ZQTN8ZP2GVR4WWCO6UK2FY"',
188 silly registry.get     'content-type': 'application/json',
188 silly registry.get     'cache-control': 'max-age=60',
188 silly registry.get     'content-length': '28573',
188 silly registry.get     'accept-ranges': 'bytes',
188 silly registry.get     via: '1.1 varnish',
188 silly registry.get     age: '14',
188 silly registry.get     'x-served-by': 'cache-ty68-TYO',
188 silly registry.get     'x-cache': 'HIT',
188 silly registry.get     'x-cache-hits': '5',
188 silly registry.get     'x-timer': 'S1415007479.025951,VS0,VE0',
188 silly registry.get     vary: 'Accept',
188 silly registry.get     'keep-alive': 'timeout=10, max=50',
188 silly registry.get     connection: 'Keep-Alive' } ]
189 http 404 https://registry.npmjs.org/mogodb
190 verbose headers { date: 'Mon, 03 Nov 2014 09:37:59 GMT',
190 verbose headers   server: 'CouchDB/1.5.0 (Erlang OTP/R16B03)',
190 verbose headers   'content-type': 'application/json',
190 verbose headers   'cache-control': 'max-age=0',
190 verbose headers   'content-length': '52',
190 verbose headers   'accept-ranges': 'bytes',
190 verbose headers   via: '1.1 varnish',
190 verbose headers   age: '0',
190 verbose headers   'x-served-by': 'cache-ty67-TYO',
190 verbose headers   'x-cache': 'MISS',
190 verbose headers   'x-cache-hits': '0',
190 verbose headers   'x-timer': 'S1415007478.996751,VS0,VE187',
190 verbose headers   'keep-alive': 'timeout=10, max=50',
190 verbose headers   connection: 'Keep-Alive' }
191 silly registry.get cb [ 404,
191 silly registry.get   { date: 'Mon, 03 Nov 2014 09:37:59 GMT',
191 silly registry.get     server: 'CouchDB/1.5.0 (Erlang OTP/R16B03)',
191 silly registry.get     'content-type': 'application/json',
191 silly registry.get     'cache-control': 'max-age=0',
191 silly registry.get     'content-length': '52',
191 silly registry.get     'accept-ranges': 'bytes',
191 silly registry.get     via: '1.1 varnish',
191 silly registry.get     age: '0',
191 silly registry.get     'x-served-by': 'cache-ty67-TYO',
191 silly registry.get     'x-cache': 'MISS',
191 silly registry.get     'x-cache-hits': '0',
191 silly registry.get     'x-timer': 'S1415007478.996751,VS0,VE187',
191 silly registry.get     'keep-alive': 'timeout=10, max=50',
191 silly registry.get     connection: 'Keep-Alive' } ]
192 silly lockFile 96c9e469-mogodb mogodb@*
193 silly lockFile 96c9e469-mogodb mogodb@*
194 http 200 https://registry.npmjs.org/debug
195 silly registry.get cb [ 200,
195 silly registry.get   { date: 'Mon, 03 Nov 2014 09:37:59 GMT',
195 silly registry.get     server: 'CouchDB/1.5.0 (Erlang OTP/R16B03)',
195 silly registry.get     etag: '"BWMD72JWBAIND5V8QRU6MMLCL"',
195 silly registry.get     'content-type': 'application/json',
195 silly registry.get     'cache-control': 'max-age=60',
195 silly registry.get     'content-length': '28186',
195 silly registry.get     'accept-ranges': 'bytes',
195 silly registry.get     via: '1.1 varnish',
195 silly registry.get     age: '14',
195 silly registry.get     'x-served-by': 'cache-ty66-TYO',
195 silly registry.get     'x-cache': 'HIT',
195 silly registry.get     'x-cache-hits': '6',
195 silly registry.get     'x-timer': 'S1415007479.109322,VS0,VE0',
195 silly registry.get     vary: 'Accept',
195 silly registry.get     'keep-alive': 'timeout=10, max=50',
195 silly registry.get     connection: 'Keep-Alive' } ]
196 silly addNameRange number 2 { name: 'morgan', range: '>=1.3.0-0 <1.4.0-0', hasData: true }
197 silly addNameRange versions [ 'morgan',
197 silly addNameRange   [ '1.0.0',
197 silly addNameRange     '1.0.1',
197 silly addNameRange     '1.1.0',
197 silly addNameRange     '1.1.1',
197 silly addNameRange     '1.2.0',
197 silly addNameRange     '1.2.1',
197 silly addNameRange     '1.2.2',
197 silly addNameRange     '1.2.3',
197 silly addNameRange     '1.3.0',
197 silly addNameRange     '1.3.1',
197 silly addNameRange     '1.3.2',
197 silly addNameRange     '1.4.0',
197 silly addNameRange     '1.4.1' ] ]
198 verbose addNamed [ 'morgan', '1.3.2' ]
199 verbose addNamed [ '1.3.2', '1.3.2' ]
200 silly lockFile 7e2b41c6-morgan-1-3-2 morgan@1.3.2
201 verbose lock morgan@1.3.2 /Users/lighter/.npm/7e2b41c6-morgan-1-3-2.lock
202 silly addNameRange number 2 { name: 'debug', range: '>=2.0.0-0 <2.1.0-0', hasData: true }
203 silly addNameRange versions [ 'debug',
203 silly addNameRange   [ '0.0.1',
203 silly addNameRange     '0.1.0',
203 silly addNameRange     '0.2.0',
203 silly addNameRange     '0.3.0',
203 silly addNameRange     '0.4.0',
203 silly addNameRange     '0.4.1',
203 silly addNameRange     '0.5.0',
203 silly addNameRange     '0.6.0',
203 silly addNameRange     '0.7.0',
203 silly addNameRange     '0.7.1',
203 silly addNameRange     '0.7.2',
203 silly addNameRange     '0.7.3',
203 silly addNameRange     '0.7.4',
203 silly addNameRange     '0.8.0',
203 silly addNameRange     '0.8.1',
203 silly addNameRange     '1.0.0',
203 silly addNameRange     '1.0.1',
203 silly addNameRange     '1.0.2',
203 silly addNameRange     '1.0.3',
203 silly addNameRange     '1.0.4',
203 silly addNameRange     '2.0.0',
203 silly addNameRange     '2.1.0' ] ]
204 verbose addNamed [ 'debug', '2.0.0' ]
205 verbose addNamed [ '2.0.0', '2.0.0' ]
206 silly lockFile 095bd820-debug-2-0-0 debug@2.0.0
207 verbose lock debug@2.0.0 /Users/lighter/.npm/095bd820-debug-2-0-0.lock
208 silly lockFile cac8e271-pmjs-org-morgan-morgan-1-3-2-tgz https://registry.npmjs.org/morgan/-/morgan-1.3.2.tgz
209 verbose lock https://registry.npmjs.org/morgan/-/morgan-1.3.2.tgz /Users/lighter/.npm/cac8e271-pmjs-org-morgan-morgan-1-3-2-tgz.lock
210 verbose addRemoteTarball [ 'https://registry.npmjs.org/morgan/-/morgan-1.3.2.tgz',
210 verbose addRemoteTarball   'ac41aa15221ee4e5f2ac843896b6918139a18efd' ]
211 silly lockFile 68450bd4-cookie-parser-1-3-3 cookie-parser@1.3.3
212 silly lockFile 68450bd4-cookie-parser-1-3-3 cookie-parser@1.3.3
213 silly lockFile bf5babd8-cookie-parser-1-3-3 cookie-parser@~1.3.3
214 silly lockFile bf5babd8-cookie-parser-1-3-3 cookie-parser@~1.3.3
215 info retry fetch attempt 1 at 17:37:59
216 verbose fetch to= /var/folders/xd/8mm81hy96xd53x0g7g3hp6bh0000gn/T/npm-94874-Z0kp40P_/registry.npmjs.org/morgan/-/morgan-1.3.2.tgz
217 http GET https://registry.npmjs.org/morgan/-/morgan-1.3.2.tgz
218 silly lockFile 095bd820-debug-2-0-0 debug@2.0.0
219 silly lockFile 095bd820-debug-2-0-0 debug@2.0.0
220 silly lockFile 12b6356d-debug-2-0-0 debug@~2.0.0
221 silly lockFile 12b6356d-debug-2-0-0 debug@~2.0.0
222 http 200 https://registry.npmjs.org/body-parser
223 silly registry.get cb [ 200,
223 silly registry.get   { date: 'Mon, 03 Nov 2014 09:37:59 GMT',
223 silly registry.get     server: 'CouchDB/1.5.0 (Erlang OTP/R14B04)',
223 silly registry.get     etag: '"31NOWALYE5KS8CUXXM9FZZM0H"',
223 silly registry.get     'content-type': 'application/json',
223 silly registry.get     'cache-control': 'max-age=60',
223 silly registry.get     'content-length': '71579',
223 silly registry.get     'accept-ranges': 'bytes',
223 silly registry.get     via: '1.1 varnish',
223 silly registry.get     age: '9',
223 silly registry.get     'x-served-by': 'cache-ty67-TYO',
223 silly registry.get     'x-cache': 'HIT',
223 silly registry.get     'x-cache-hits': '18',
223 silly registry.get     'x-timer': 'S1415007479.080527,VS0,VE0',
223 silly registry.get     vary: 'Accept',
223 silly registry.get     'keep-alive': 'timeout=10, max=50',
223 silly registry.get     connection: 'Keep-Alive' } ]
224 silly addNameRange number 2 { name: 'body-parser',
224 silly addNameRange   range: '>=1.8.1-0 <1.9.0-0',
224 silly addNameRange   hasData: true }
225 silly addNameRange versions [ 'body-parser',
225 silly addNameRange   [ '1.0.0',
225 silly addNameRange     '1.0.1',
225 silly addNameRange     '1.0.2',
225 silly addNameRange     '1.1.0',
225 silly addNameRange     '1.1.1',
225 silly addNameRange     '1.1.2',
225 silly addNameRange     '1.2.0',
225 silly addNameRange     '1.2.1',
225 silly addNameRange     '1.2.2',
225 silly addNameRange     '1.3.0',
225 silly addNameRange     '1.3.1',
225 silly addNameRange     '1.4.0',
225 silly addNameRange     '1.4.1',
225 silly addNameRange     '1.4.2',
225 silly addNameRange     '1.4.3',
225 silly addNameRange     '1.5.0',
225 silly addNameRange     '1.5.1',
225 silly addNameRange     '1.5.2',
225 silly addNameRange     '1.6.0',
225 silly addNameRange     '1.6.1',
225 silly addNameRange     '1.6.2',
225 silly addNameRange     '1.6.3',
225 silly addNameRange     '1.6.4',
225 silly addNameRange     '1.6.5',
225 silly addNameRange     '1.6.6',
225 silly addNameRange     '1.6.7',
225 silly addNameRange     '1.7.0',
225 silly addNameRange     '1.8.0',
225 silly addNameRange     '1.8.1',
225 silly addNameRange     '1.8.2',
225 silly addNameRange     '1.8.3',
225 silly addNameRange     '1.8.4',
225 silly addNameRange     '1.9.0',
225 silly addNameRange     '1.9.1',
225 silly addNameRange     '1.9.2' ] ]
226 verbose addNamed [ 'body-parser', '1.8.4' ]
227 verbose addNamed [ '1.8.4', '1.8.4' ]
228 silly lockFile 5cba912c-body-parser-1-8-4 body-parser@1.8.4
229 verbose lock body-parser@1.8.4 /Users/lighter/.npm/5cba912c-body-parser-1-8-4.lock
230 silly lockFile 58a51cf2-ody-parser-body-parser-1-8-4-tgz https://registry.npmjs.org/body-parser/-/body-parser-1.8.4.tgz
231 verbose lock https://registry.npmjs.org/body-parser/-/body-parser-1.8.4.tgz /Users/lighter/.npm/58a51cf2-ody-parser-body-parser-1-8-4-tgz.lock
232 verbose addRemoteTarball [ 'https://registry.npmjs.org/body-parser/-/body-parser-1.8.4.tgz',
232 verbose addRemoteTarball   'd497e04bc13b3f9a8bd8c70bb0cdc16f2e028898' ]
233 info retry fetch attempt 1 at 17:37:59
234 verbose fetch to= /var/folders/xd/8mm81hy96xd53x0g7g3hp6bh0000gn/T/npm-94874-Z0kp40P_/registry.npmjs.org/body-parser/-/body-parser-1.8.4.tgz
235 http GET https://registry.npmjs.org/body-parser/-/body-parser-1.8.4.tgz
236 http 200 https://registry.npmjs.org/mongoskin
237 silly registry.get cb [ 200,
237 silly registry.get   { date: 'Mon, 03 Nov 2014 09:37:59 GMT',
237 silly registry.get     server: 'CouchDB/1.5.0 (Erlang OTP/R16B03)',
237 silly registry.get     etag: '"C8OINJ0EK1S224QSBUWVO9XVQ"',
237 silly registry.get     'content-type': 'application/json',
237 silly registry.get     'cache-control': 'max-age=60',
237 silly registry.get     'content-length': '62039',
237 silly registry.get     'accept-ranges': 'bytes',
237 silly registry.get     via: '1.1 varnish',
237 silly registry.get     age: '0',
237 silly registry.get     'x-served-by': 'cache-ty68-TYO',
237 silly registry.get     'x-cache': 'MISS',
237 silly registry.get     'x-cache-hits': '0',
237 silly registry.get     'x-timer': 'S1415007479.213120,VS0,VE115',
237 silly registry.get     vary: 'Accept',
237 silly registry.get     'keep-alive': 'timeout=10, max=49',
237 silly registry.get     connection: 'Keep-Alive' } ]
238 silly addNameRange number 2 { name: 'mongoskin', range: '*', hasData: true }
239 silly addNameRange versions [ 'mongoskin',
239 silly addNameRange   [ '0.1.0',
239 silly addNameRange     '0.1.1',
239 silly addNameRange     '0.1.2',
239 silly addNameRange     '0.1.3',
239 silly addNameRange     '0.2.0',
239 silly addNameRange     '0.2.1',
239 silly addNameRange     '0.2.2',
239 silly addNameRange     '0.2.3',
239 silly addNameRange     '0.3.0',
239 silly addNameRange     '0.3.3',
239 silly addNameRange     '0.3.4',
239 silly addNameRange     '0.3.5',
239 silly addNameRange     '0.3.6',
239 silly addNameRange     '0.3.7',
239 silly addNameRange     '0.4.0',
239 silly addNameRange     '0.4.1',
239 silly addNameRange     '0.4.2',
239 silly addNameRange     '0.4.3',
239 silly addNameRange     '0.4.4',
239 silly addNameRange     '0.5.0',
239 silly addNameRange     '0.6.0',
239 silly addNameRange     '0.6.1',
239 silly addNameRange     '1.3.20-alpha',
239 silly addNameRange     '1.3.20',
239 silly addNameRange     '1.3.21',
239 silly addNameRange     '1.3.22',
239 silly addNameRange     '1.3.23',
239 silly addNameRange     '1.4.0',
239 silly addNameRange     '1.4.1',
239 silly addNameRange     '1.4.2',
239 silly addNameRange     '1.4.3',
239 silly addNameRange     '1.4.4' ] ]
240 verbose addNamed [ 'mongoskin', '1.4.4' ]
241 verbose addNamed [ '1.4.4', '1.4.4' ]
242 silly lockFile 31ad45dc-mongoskin-1-4-4 mongoskin@1.4.4
243 verbose lock mongoskin@1.4.4 /Users/lighter/.npm/31ad45dc-mongoskin-1-4-4.lock
244 silly lockFile 31ad45dc-mongoskin-1-4-4 mongoskin@1.4.4
245 silly lockFile 31ad45dc-mongoskin-1-4-4 mongoskin@1.4.4
246 silly lockFile bbe026fa-mongoskin mongoskin@*
247 silly lockFile bbe026fa-mongoskin mongoskin@*
248 http 200 https://registry.npmjs.org/body-parser/-/body-parser-1.8.4.tgz
249 silly lockFile 58a51cf2-ody-parser-body-parser-1-8-4-tgz https://registry.npmjs.org/body-parser/-/body-parser-1.8.4.tgz
250 silly lockFile 58a51cf2-ody-parser-body-parser-1-8-4-tgz https://registry.npmjs.org/body-parser/-/body-parser-1.8.4.tgz
251 silly lockFile 5cba912c-body-parser-1-8-4 body-parser@1.8.4
252 silly lockFile 5cba912c-body-parser-1-8-4 body-parser@1.8.4
253 silly lockFile a49948c1-body-parser-1-8-1 body-parser@~1.8.1
254 silly lockFile a49948c1-body-parser-1-8-1 body-parser@~1.8.1
255 http 200 https://registry.npmjs.org/morgan/-/morgan-1.3.2.tgz
256 silly lockFile cac8e271-pmjs-org-morgan-morgan-1-3-2-tgz https://registry.npmjs.org/morgan/-/morgan-1.3.2.tgz
257 silly lockFile cac8e271-pmjs-org-morgan-morgan-1-3-2-tgz https://registry.npmjs.org/morgan/-/morgan-1.3.2.tgz
258 silly lockFile 7e2b41c6-morgan-1-3-2 morgan@1.3.2
259 silly lockFile 7e2b41c6-morgan-1-3-2 morgan@1.3.2
260 silly lockFile a4a9bdf4-morgan-1-3-0 morgan@~1.3.0
261 silly lockFile a4a9bdf4-morgan-1-3-0 morgan@~1.3.0
262 http 200 https://registry.npmjs.org/serve-favicon
263 silly registry.get cb [ 200,
263 silly registry.get   { date: 'Mon, 03 Nov 2014 09:38:00 GMT',
263 silly registry.get     server: 'CouchDB/1.5.0 (Erlang OTP/R14B04)',
263 silly registry.get     etag: '"DQNCEOV1TU804V1DNRWACLPFP"',
263 silly registry.get     'content-type': 'application/json',
263 silly registry.get     'cache-control': 'max-age=60',
263 silly registry.get     'content-length': '16887',
263 silly registry.get     'accept-ranges': 'bytes',
263 silly registry.get     via: '1.1 varnish',
263 silly registry.get     age: '15',
263 silly registry.get     'x-served-by': 'cache-ty67-TYO',
263 silly registry.get     'x-cache': 'HIT',
263 silly registry.get     'x-cache-hits': '3',
263 silly registry.get     'x-timer': 'S1415007480.336014,VS0,VE0',
263 silly registry.get     vary: 'Accept',
263 silly registry.get     'keep-alive': 'timeout=10, max=49',
263 silly registry.get     connection: 'Keep-Alive' } ]
264 silly addNameRange number 2 { name: 'serve-favicon',
264 silly addNameRange   range: '>=2.1.3-0 <2.2.0-0',
264 silly addNameRange   hasData: true }
265 silly addNameRange versions [ 'serve-favicon',
265 silly addNameRange   [ '2.0.0',
265 silly addNameRange     '2.0.1',
265 silly addNameRange     '2.1.0',
265 silly addNameRange     '2.1.1',
265 silly addNameRange     '2.1.2',
265 silly addNameRange     '2.1.3',
265 silly addNameRange     '2.1.4',
265 silly addNameRange     '2.1.5',
265 silly addNameRange     '2.1.6' ] ]
266 verbose addNamed [ 'serve-favicon', '2.1.6' ]
267 verbose addNamed [ '2.1.6', '2.1.6' ]
268 silly lockFile 4a3fd20c-serve-favicon-2-1-6 serve-favicon@2.1.6
269 verbose lock serve-favicon@2.1.6 /Users/lighter/.npm/4a3fd20c-serve-favicon-2-1-6.lock
270 silly lockFile 620925dd--favicon-serve-favicon-2-1-6-tgz https://registry.npmjs.org/serve-favicon/-/serve-favicon-2.1.6.tgz
271 verbose lock https://registry.npmjs.org/serve-favicon/-/serve-favicon-2.1.6.tgz /Users/lighter/.npm/620925dd--favicon-serve-favicon-2-1-6-tgz.lock
272 verbose addRemoteTarball [ 'https://registry.npmjs.org/serve-favicon/-/serve-favicon-2.1.6.tgz',
272 verbose addRemoteTarball   '46326a9eb64a0fa5cf012a4f85efe9fda95820e5' ]
273 info retry fetch attempt 1 at 17:38:01
274 verbose fetch to= /var/folders/xd/8mm81hy96xd53x0g7g3hp6bh0000gn/T/npm-94874-Z0kp40P_/registry.npmjs.org/serve-favicon/-/serve-favicon-2.1.6.tgz
275 http GET https://registry.npmjs.org/serve-favicon/-/serve-favicon-2.1.6.tgz
276 http 200 https://registry.npmjs.org/express
277 silly registry.get cb [ 200,
277 silly registry.get   { date: 'Mon, 03 Nov 2014 09:37:59 GMT',
277 silly registry.get     server: 'CouchDB/1.5.0 (Erlang OTP/R16B03)',
277 silly registry.get     etag: '"DOUSH91BUGWJ540XUW6LDMMPW"',
277 silly registry.get     'content-type': 'application/json',
277 silly registry.get     'cache-control': 'max-age=60',
277 silly registry.get     'content-length': '412368',
277 silly registry.get     'accept-ranges': 'bytes',
277 silly registry.get     via: '1.1 varnish',
277 silly registry.get     age: '24',
277 silly registry.get     'x-served-by': 'cache-ty68-TYO',
277 silly registry.get     'x-cache': 'HIT',
277 silly registry.get     'x-cache-hits': '2',
277 silly registry.get     'x-timer': 'S1415007479.249847,VS0,VE0',
277 silly registry.get     vary: 'Accept',
277 silly registry.get     'keep-alive': 'timeout=10, max=49',
277 silly registry.get     connection: 'Keep-Alive' } ]
278 silly addNameRange number 2 { name: 'express', range: '>=4.9.0-0 <4.10.0-0', hasData: true }
279 silly addNameRange versions [ 'express',
279 silly addNameRange   [ '0.14.0',
279 silly addNameRange     '0.14.1',
279 silly addNameRange     '1.0.0',
279 silly addNameRange     '1.0.1',
279 silly addNameRange     '1.0.2',
279 silly addNameRange     '1.0.3',
279 silly addNameRange     '1.0.4',
279 silly addNameRange     '1.0.5',
279 silly addNameRange     '1.0.6',
279 silly addNameRange     '1.0.7',
279 silly addNameRange     '1.0.8',
279 silly addNameRange     '2.0.0',
279 silly addNameRange     '2.1.0',
279 silly addNameRange     '2.1.1',
279 silly addNameRange     '2.2.0',
279 silly addNameRange     '2.2.1',
279 silly addNameRange     '2.2.2',
279 silly addNameRange     '2.3.0',
279 silly addNameRange     '2.3.1',
279 silly addNameRange     '2.3.2',
279 silly addNameRange     '2.3.3',
279 silly addNameRange     '2.3.4',
279 silly addNameRange     '2.3.5',
279 silly addNameRange     '2.3.6',
279 silly addNameRange     '2.3.7',
279 silly addNameRange     '2.3.8',
279 silly addNameRange     '2.3.9',
279 silly addNameRange     '2.3.10',
279 silly addNameRange     '2.3.11',
279 silly addNameRange     '2.3.12',
279 silly addNameRange     '2.4.0',
279 silly addNameRange     '2.4.1',
279 silly addNameRange     '2.4.2',
279 silly addNameRange     '2.4.3',
279 silly addNameRange     '2.4.4',
279 silly addNameRange     '2.4.5',
279 silly addNameRange     '2.4.6',
279 silly addNameRange     '2.4.7',
279 silly addNameRange     '2.5.0',
279 silly addNameRange     '2.5.1',
279 silly addNameRange     '2.5.2',
279 silly addNameRange     '2.5.3',
279 silly addNameRange     '2.5.4',
279 silly addNameRange     '2.5.5',
279 silly addNameRange     '2.5.6',
279 silly addNameRange     '2.5.7',
279 silly addNameRange     '2.5.8',
279 silly addNameRange     '2.5.9',
279 silly addNameRange     '2.5.10',
279 silly addNameRange     '2.5.11',
279 silly addNameRange     '3.0.0',
279 silly addNameRange     '3.0.1',
279 silly addNameRange     '3.0.2',
279 silly addNameRange     '3.0.3',
279 silly addNameRange     '3.0.4',
279 silly addNameRange     '3.0.5',
279 silly addNameRange     '3.0.6',
279 silly addNameRange     '3.1.0',
279 silly addNameRange     '3.1.1',
279 silly addNameRange     '3.1.2',
279 silly addNameRange     '3.2.0',
279 silly addNameRange     '3.2.1',
279 silly addNameRange     '3.2.2',
279 silly addNameRange     '3.2.3',
279 silly addNameRange     '3.2.4',
279 silly addNameRange     '3.2.5',
279 silly addNameRange     '3.2.6',
279 silly addNameRange     '3.3.0',
279 silly addNameRange     '3.3.1',
279 silly addNameRange     '3.3.2',
279 silly addNameRange     '3.3.3',
279 silly addNameRange     '3.3.4',
279 silly addNameRange     '3.3.5',
279 silly addNameRange     '3.3.6',
279 silly addNameRange     '1.0.0-beta',
279 silly addNameRange     '1.0.0-beta2',
279 silly addNameRange     '1.0.0-rc',
279 silly addNameRange     '1.0.0-rc2',
279 silly addNameRange     '1.0.0-rc3',
279 silly addNameRange     '1.0.0-rc4',
279 silly addNameRange     '2.0.0-beta',
279 silly addNameRange     '2.0.0-beta2',
279 silly addNameRange     '2.0.0-beta3',
279 silly addNameRange     '2.0.0-rc',
279 silly addNameRange     '2.0.0-rc2',
279 silly addNameRange     '2.0.0-rc3',
279 silly addNameRange     '3.0.0-alpha1',
279 silly addNameRange     '3.0.0-alpha2',
279 silly addNameRange     '3.0.0-alpha3',
279 silly addNameRange     '3.0.0-alpha4',
279 silly addNameRange     '3.0.0-alpha5',
279 silly addNameRange     '3.0.0-beta1',
279 silly addNameRange     '3.0.0-beta2',
279 silly addNameRange     '3.0.0-beta3',
279 silly addNameRange     '3.0.0-beta4',
279 silly addNameRange     '3.0.0-beta6',
279 silly addNameRange     '3.0.0-beta7',
279 silly addNameRange     '3.0.0-rc1',
279 silly addNameRange     '3.0.0-rc2',
279 silly addNameRange     '3.0.0-rc3',
279 silly addNameRange     '3.0.0-rc4',
279 silly addNameRange     '3.0.0-rc5',
279 silly addNameRange     '3.3.7',
279 silly addNameRange     '3.3.8',
279 silly addNameRange     '3.4.0',
279 silly addNameRange     '3.4.1',
279 silly addNameRange     '3.4.2',
279 silly addNameRange     '3.4.3',
279 silly addNameRange     '3.4.4',
279 silly addNameRange     '3.4.5',
279 silly addNameRange     '3.4.6',
279 silly addNameRange     '3.4.7',
279 silly addNameRange     '3.4.8',
279 silly addNameRange     '4.0.0-rc1',
279 silly addNameRange     '4.0.0-rc2',
279 silly addNameRange     '3.5.0',
279 silly addNameRange     '4.0.0-rc3',
279 silly addNameRange     '4.0.0-rc4',
279 silly addNameRange     '3.5.1',
279 silly addNameRange     '4.0.0',
279 silly addNameRange     '3.5.2',
279 silly addNameRange     '4.1.0',
279 silly addNameRange     '4.1.1',
279 silly addNameRange     '3.5.3',
279 silly addNameRange     '4.1.2',
279 silly addNameRange     '3.6.0',
279 silly addNameRange     '4.2.0',
279 silly addNameRange     '3.7.0',
279 silly addNameRange     '3.8.0',
279 silly addNameRange     '4.3.0',
279 silly addNameRange     '4.3.1',
279 silly addNameRange     '3.8.1',
279 silly addNameRange     '4.3.2',
279 silly addNameRange     '3.9.0',
279 silly addNameRange     '4.4.0',
279 silly addNameRange     '4.4.1',
279 silly addNameRange     '3.10.0',
279 silly addNameRange     '3.10.1',
279 silly addNameRange     '3.10.2',
279 silly addNameRange     '3.10.3',
279 silly addNameRange     '3.10.4',
279 silly addNameRange     '4.4.2',
279 silly addNameRange     '3.10.5',
279 silly addNameRange     '4.4.3',
279 silly addNameRange     '3.11.0',
279 silly addNameRange     '4.4.4',
279 silly addNameRange     '3.12.0',
279 silly addNameRange     '3.12.1',
279 silly addNameRange     '4.4.5',
279 silly addNameRange     '3.13.0',
279 silly addNameRange     '4.5.0',
279 silly addNameRange     '4.5.1',
279 silly addNameRange     '3.14.0',
279 silly addNameRange     '4.6.0',
279 silly addNameRange     '4.6.1',
279 silly addNameRange     '3.15.0',
279 silly addNameRange     '4.7.0',
279 silly addNameRange     '3.15.1',
279 silly addNameRange     '4.7.1',
279 silly addNameRange     '3.15.2',
279 silly addNameRange     '4.7.2',
279 silly addNameRange     '4.7.3',
279 silly addNameRange     '3.15.3',
279 silly addNameRange     '4.7.4',
279 silly addNameRange     '3.16.0',
279 silly addNameRange     '4.8.0',
279 silly addNameRange     '3.16.1',
279 silly addNameRange     '4.8.1',
279 silly addNameRange     '3.16.2',
279 silly addNameRange     '4.8.2',
279 silly addNameRange     '3.16.3',
279 silly addNameRange     '3.16.4',
279 silly addNameRange     '4.8.3',
279 silly addNameRange     '3.16.5',
279 silly addNameRange     '3.16.6',
279 silly addNameRange     '4.8.4',
279 silly addNameRange     '3.16.7',
279 silly addNameRange     '4.8.5',
279 silly addNameRange     '3.16.8',
279 silly addNameRange     '4.8.6',
279 silly addNameRange     '3.16.9',
279 silly addNameRange     '4.8.7',
279 silly addNameRange     '3.16.10',
279 silly addNameRange     '4.8.8',
279 silly addNameRange     '3.17.0',
279 silly addNameRange     '3.17.1',
279 silly addNameRange     '4.9.0',
279 silly addNameRange     '3.17.2',
279 silly addNameRange     '4.9.1',
279 silly addNameRange     '4.9.2',
279 silly addNameRange     '3.17.3',
279 silly addNameRange     '4.9.3',
279 silly addNameRange     '3.17.4',
279 silly addNameRange     '4.9.4',
279 silly addNameRange     '3.17.5',
279 silly addNameRange     '4.9.5',
279 silly addNameRange     '3.17.6',
279 silly addNameRange     '3.17.7',
279 silly addNameRange     '4.9.6',
279 silly addNameRange     '4.9.7',
279 silly addNameRange     '3.17.8',
279 silly addNameRange     '4.9.8',
279 silly addNameRange     '3.18.0',
279 silly addNameRange     '3.18.1',
279 silly addNameRange     '4.10.0',
279 silly addNameRange     '3.18.2',
279 silly addNameRange     '4.10.1' ] ]
280 verbose addNamed [ 'express', '4.9.8' ]
281 verbose addNamed [ '4.9.8', '4.9.8' ]
282 silly lockFile 3e3a25f6-express-4-9-8 express@4.9.8
283 verbose lock express@4.9.8 /Users/lighter/.npm/3e3a25f6-express-4-9-8.lock
284 silly lockFile 2d7fb097-js-org-express-express-4-9-8-tgz https://registry.npmjs.org/express/-/express-4.9.8.tgz
285 verbose lock https://registry.npmjs.org/express/-/express-4.9.8.tgz /Users/lighter/.npm/2d7fb097-js-org-express-express-4-9-8-tgz.lock
286 verbose addRemoteTarball [ 'https://registry.npmjs.org/express/-/express-4.9.8.tgz',
286 verbose addRemoteTarball   'f360f596baeabbd0e5223b603d6eb578d9d2d10d' ]
287 info retry fetch attempt 1 at 17:38:01
288 verbose fetch to= /var/folders/xd/8mm81hy96xd53x0g7g3hp6bh0000gn/T/npm-94874-Z0kp40P_/registry.npmjs.org/express/-/express-4.9.8.tgz
289 http GET https://registry.npmjs.org/express/-/express-4.9.8.tgz
290 http 200 https://registry.npmjs.org/jade
291 silly registry.get cb [ 200,
291 silly registry.get   { date: 'Mon, 03 Nov 2014 09:38:00 GMT',
291 silly registry.get     server: 'CouchDB/1.5.0 (Erlang OTP/R16B03)',
291 silly registry.get     etag: '"QHLPMBXXME56JWDXG4BJV1EZ"',
291 silly registry.get     'content-type': 'application/json',
291 silly registry.get     'cache-control': 'max-age=60',
291 silly registry.get     'content-length': '127465',
291 silly registry.get     'accept-ranges': 'bytes',
291 silly registry.get     via: '1.1 varnish',
291 silly registry.get     age: '0',
291 silly registry.get     'x-served-by': 'cache-ty66-TYO',
291 silly registry.get     'x-cache': 'HIT',
291 silly registry.get     'x-cache-hits': '1',
291 silly registry.get     'x-timer': 'S1415007480.707320,VS0,VE115',
291 silly registry.get     vary: 'Accept',
291 silly registry.get     'keep-alive': 'timeout=10, max=49',
291 silly registry.get     connection: 'Keep-Alive' } ]
292 silly addNameRange number 2 { name: 'jade', range: '>=1.6.0-0 <1.7.0-0', hasData: true }
293 silly addNameRange versions [ 'jade',
293 silly addNameRange   [ '0.0.1',
293 silly addNameRange     '0.0.2',
293 silly addNameRange     '0.1.0',
293 silly addNameRange     '0.2.0',
293 silly addNameRange     '0.2.1',
293 silly addNameRange     '0.2.2',
293 silly addNameRange     '0.2.3',
293 silly addNameRange     '0.2.4',
293 silly addNameRange     '0.3.0',
293 silly addNameRange     '0.4.0',
293 silly addNameRange     '0.4.1',
293 silly addNameRange     '0.5.0',
293 silly addNameRange     '0.5.1',
293 silly addNameRange     '0.5.2',
293 silly addNameRange     '0.5.3',
293 silly addNameRange     '0.5.4',
293 silly addNameRange     '0.5.5',
293 silly addNameRange     '0.5.6',
293 silly addNameRange     '0.5.7',
293 silly addNameRange     '0.6.0',
293 silly addNameRange     '0.6.1',
293 silly addNameRange     '0.6.3',
293 silly addNameRange     '0.7.0',
293 silly addNameRange     '0.7.1',
293 silly addNameRange     '0.8.0',
293 silly addNameRange     '0.8.1',
293 silly addNameRange     '0.8.2',
293 silly addNameRange     '0.8.3',
293 silly addNameRange     '0.8.4',
293 silly addNameRange     '0.8.5',
293 silly addNameRange     '0.8.6',
293 silly addNameRange     '0.8.7',
293 silly addNameRange     '0.8.8',
293 silly addNameRange     '0.8.9',
293 silly addNameRange     '0.9.0',
293 silly addNameRange     '0.9.1',
293 silly addNameRange     '0.9.2',
293 silly addNameRange     '0.9.3',
293 silly addNameRange     '0.10.0',
293 silly addNameRange     '0.10.1',
293 silly addNameRange     '0.10.2',
293 silly addNameRange     '0.10.3',
293 silly addNameRange     '0.10.4',
293 silly addNameRange     '0.10.5',
293 silly addNameRange     '0.10.6',
293 silly addNameRange     '0.10.7',
293 silly addNameRange     '0.11.0',
293 silly addNameRange     '0.11.1',
293 silly addNameRange     '0.12.0',
293 silly addNameRange     '0.12.1',
293 silly addNameRange     '0.12.2',
293 silly addNameRange     '0.12.3',
293 silly addNameRange     '0.12.4',
293 silly addNameRange     '0.13.0',
293 silly addNameRange     '0.14.0',
293 silly addNameRange     '0.14.1',
293 silly addNameRange     '0.14.2',
293 silly addNameRange     '0.15.0',
293 silly addNameRange     '0.15.1',
293 silly addNameRange     '0.15.2',
293 silly addNameRange     '0.15.3',
293 silly addNameRange     '0.15.4',
293 silly addNameRange     '0.16.0',
293 silly addNameRange     '0.16.1',
293 silly addNameRange     '0.16.2',
293 silly addNameRange     '0.16.3',
293 silly addNameRange     '0.16.4',
293 silly addNameRange     '0.17.0',
293 silly addNameRange     '0.18.0',
293 silly addNameRange     '0.19.0',
293 silly addNameRange     '0.20.0',
293 silly addNameRange     '0.20.1',
293 silly addNameRange     '0.20.2',
293 silly addNameRange     '0.20.3',
293 silly addNameRange     '0.21.0',
293 silly addNameRange     '0.22.0',
293 silly addNameRange     '0.22.1',
293 silly addNameRange     '0.23.0',
293 silly addNameRange     '0.24.0',
293 silly addNameRange     '0.25.0',
293 silly addNameRange     '0.26.0',
293 silly addNameRange     '0.26.1',
293 silly addNameRange     '0.26.2',
293 silly addNameRange     '0.26.3',
293 silly addNameRange     '0.27.0',
293 silly addNameRange     '0.27.1',
293 silly addNameRange     '0.27.2',
293 silly addNameRange     '0.27.3',
293 silly addNameRange     '0.27.4',
293 silly addNameRange     '0.27.5',
293 silly addNameRange     '0.27.6',
293 silly addNameRange     '0.27.7',
293 silly addNameRange     '0.28.0',
293 silly addNameRange     '0.28.1',
293 silly addNameRange     '0.28.2',
293 silly addNameRange     '0.29.0',
293 silly addNameRange     '0.30.0',
293 silly addNameRange     '0.31.0',
293 silly addNameRange     '0.31.1',
293 silly addNameRange     '0.31.2',
293 silly addNameRange     '0.32.0',
293 silly addNameRange     '0.33.0',
293 silly addNameRange     '0.34.0',
293 silly addNameRange     '0.34.1',
293 silly addNameRange     '0.35.0',
293 silly addNameRange     '1.0.0',
293 silly addNameRange     '1.0.1',
293 silly addNameRange     '1.0.2',
293 silly addNameRange     '1.1.0',
293 silly addNameRange     '1.1.1',
293 silly addNameRange     '1.1.2',
293 silly addNameRange     '1.1.3',
293 silly addNameRange     '1.1.4',
293 silly addNameRange     '1.1.5',
293 silly addNameRange     '1.2.0',
293 silly addNameRange     '1.3.0',
293 silly addNameRange     '1.3.1',
293 silly addNameRange     '1.4.0',
293 silly addNameRange     '1.4.1',
293 silly addNameRange     '1.4.2',
293 silly addNameRange     '1.5.0',
293 silly addNameRange     '1.6.0',
293 silly addNameRange     '1.7.0' ] ]
294 verbose addNamed [ 'jade', '1.6.0' ]
295 verbose addNamed [ '1.6.0', '1.6.0' ]
296 silly lockFile c06071bd-jade-1-6-0 jade@1.6.0
297 verbose lock jade@1.6.0 /Users/lighter/.npm/c06071bd-jade-1-6-0.lock
298 http 200 https://registry.npmjs.org/serve-favicon/-/serve-favicon-2.1.6.tgz
299 silly lockFile 620925dd--favicon-serve-favicon-2-1-6-tgz https://registry.npmjs.org/serve-favicon/-/serve-favicon-2.1.6.tgz
300 silly lockFile 620925dd--favicon-serve-favicon-2-1-6-tgz https://registry.npmjs.org/serve-favicon/-/serve-favicon-2.1.6.tgz
301 silly lockFile 4a3fd20c-serve-favicon-2-1-6 serve-favicon@2.1.6
302 silly lockFile 4a3fd20c-serve-favicon-2-1-6 serve-favicon@2.1.6
303 silly lockFile 38295489-serve-favicon-2-1-3 serve-favicon@~2.1.3
304 silly lockFile 38295489-serve-favicon-2-1-3 serve-favicon@~2.1.3
305 silly lockFile c06071bd-jade-1-6-0 jade@1.6.0
306 silly lockFile c06071bd-jade-1-6-0 jade@1.6.0
307 silly lockFile ad8c17a8-jade-1-6-0 jade@~1.6.0
308 silly lockFile ad8c17a8-jade-1-6-0 jade@~1.6.0
309 http 200 https://registry.npmjs.org/express/-/express-4.9.8.tgz
310 silly lockFile 2d7fb097-js-org-express-express-4-9-8-tgz https://registry.npmjs.org/express/-/express-4.9.8.tgz
311 silly lockFile 2d7fb097-js-org-express-express-4-9-8-tgz https://registry.npmjs.org/express/-/express-4.9.8.tgz
312 silly lockFile 3e3a25f6-express-4-9-8 express@4.9.8
313 silly lockFile 3e3a25f6-express-4-9-8 express@4.9.8
314 silly lockFile 6ae7fa08-express-4-9-0 express@~4.9.0
315 silly lockFile 6ae7fa08-express-4-9-0 express@~4.9.0
316 error 404 404 Not Found: mogodb
316 error 404
316 error 404 'mogodb' is not in the npm registry.
316 error 404 You should bug the author to publish it
316 error 404 It was specified as a dependency of 'node_play'
316 error 404
316 error 404 Note that you can also install from a
316 error 404 tarball, folder, or http url, or git url.
317 error System Darwin 14.0.0
318 error command "node" "/usr/local/bin/npm" "install"
319 error cwd /Users/lighter/LighterData/todo/node_play
320 error node -v v0.10.32
321 error npm -v 1.4.28
322 error code E404
323 verbose exit [ 1, true ]
